<?xml version="1.0" encoding="UTF-8"?>
<!-- Generated by org.testng.reporters.JUnitXMLReporter -->
<testsuite ignored="0" hostname="DESKTOP-2FPBR8N" failures="0" tests="5" name="Default test" time="17.07" errors="0" timestamp="23 Jan 2022 17:17:44 GMT">
  <testcase classname="testCases.CheckoutTest" name="startmessage" time="0.003"/>
  <testcase classname="testCases.CheckoutTest" name="checkout_items" time="0.357"/>
  <testcase classname="testCases.CheckoutTest" name="checkout_items" time="0.351"/>
  <testcase classname="testCases.CheckoutTest" name="checkout_items" time="0.366"/>
  <testcase classname="testCases.CheckoutTest" name="Endmessage" time="0.002"/>
</testsuite> <!-- Default test -->
