<?xml version="1.0" encoding="UTF-8"?>
<!-- Generated by org.testng.reporters.JUnitXMLReporter -->
<testsuite ignored="0" hostname="DESKTOP-2FPBR8N" failures="1" tests="11" name="Free CRM AppSwag Labs Test Cases" time="30.436" errors="0" timestamp="23 Jan 2022 17:10:56 GMT">
  <testcase classname="testCases.LoginPageTest" name="startmessage" time="0.004"/>
  <testcase classname="testCases.HomePageTest" name="startmessage" time="0.001"/>
  <testcase classname="testCases.MyCartTest" name="finalpage" time="0.08"/>
  <testcase classname="testCases.CheckoutTest" name="startmessage" time="0.001"/>
  <testcase classname="testCases.LoginPageTest" name="LoginTest" time="0.212"/>
  <testcase classname="testCases.CheckoutTest" name="checkout_items" time="0.0">
    <failure type="org.testng.TestNGException" message="
Method public void testCases.CheckoutTest.checkout_items(java.lang.String,java.lang.String,java.lang.String) throws java.io.IOException requires a @DataProvider named : checkoutTestData">
      <![CDATA[org.testng.TestNGException: 
Method public void testCases.CheckoutTest.checkout_items(java.lang.String,java.lang.String,java.lang.String) throws java.io.IOException requires a @DataProvider named : checkoutTestData
... Removed 22 stack frames]]>
    </failure>
  </testcase> <!-- checkout_items -->
  <testcase classname="testCases.HomePageTest" name="Addtocart" time="0.076"/>
  <testcase classname="testCases.LoginPageTest" name="Endmessage" time="0.0"/>
  <testcase classname="testCases.CheckoutTest" name="Endmessage" time="0.002"/>
  <testcase classname="testCases.HomePageTest" name="Gotocart" time="0.054"/>
  <testcase classname="testCases.HomePageTest" name="Endmessage" time="0.001"/>
</testsuite> <!-- Free CRM AppSwag Labs Test Cases -->
